<?xml version="1.0" encoding="UTF-8"?>
<!-- Generated by org.testng.reporters.JUnitXMLReporter -->
<testsuite ignored="5" hostname="Khan" failures="0" tests="0" time="0.001" errors="0" timestamp="2021-03-17T18:44:31 EDT">
  <testcase classname="Parameter.Data_Provider" name="testMethodC" time="0.0">
    <ignored/>
  </testcase> <!-- testMethodC -->
  <testcase classname="Parameter.Data_Provider" name="testMethodA" time="0.0">
    <ignored/>
  </testcase> <!-- testMethodA -->
  <testcase classname="Parameter.Data_Provider" name="testNoParameter" time="0.0">
    <ignored/>
  </testcase> <!-- testNoParameter -->
  <testcase classname="Parameter.Data_Provider" name="testParameterWithXML" time="0.0">
    <ignored/>
  </testcase> <!-- testParameterWithXML -->
  <testcase classname="Parameter.Data_Provider" name="testMethodB" time="0.0">
    <ignored/>
  </testcase> <!-- testMethodB -->
</testsuite>
