<?xml version="1.0" encoding="UTF-8"?>
<!-- Generated by org.testng.reporters.JUnitXMLReporter -->
<testsuite ignored="0" hostname="Khan" failures="3" tests="5" name="testGuru" time="10.029" errors="0" timestamp="2021-03-17T18:44:31 EDT">
  <testcase classname="Parameter.Data_Provider" name="testNoParameter" time="3.202"/>
  <testcase classname="Parameter.Data_Provider" name="testParameterWithXML" time="3.105"/>
  <testcase classname="Parameter.Data_Provider" name="testMethodA" time="0.0">
    <failure type="org.testng.TestNGException" message="
Found two providers called &amp;apos;SearchProvider&amp;apos; on class Parameter.Data_Provider">
      <![CDATA[org.testng.TestNGException: 
Found two providers called 'SearchProvider' on class Parameter.Data_Provider
at java.base/java.util.ArrayList.forEach(ArrayList.java:1511)
... Removed 25 stack frames]]>
    </failure>
  </testcase> <!-- testMethodA -->
  <testcase classname="Parameter.Data_Provider" name="testMethodB" time="0.0">
    <failure type="org.testng.TestNGException" message="
Found two providers called &amp;apos;SearchProvider&amp;apos; on class Parameter.Data_Provider">
      <![CDATA[org.testng.TestNGException: 
Found two providers called 'SearchProvider' on class Parameter.Data_Provider
at java.base/java.util.ArrayList.forEach(ArrayList.java:1511)
... Removed 25 stack frames]]>
    </failure>
  </testcase> <!-- testMethodB -->
  <testcase classname="Parameter.Data_Provider" name="testMethodC" time="0.0">
    <failure type="org.testng.TestNGException" message="
Found two providers called &amp;apos;SearchProvider&amp;apos; on class Parameter.Data_Provider">
      <![CDATA[org.testng.TestNGException: 
Found two providers called 'SearchProvider' on class Parameter.Data_Provider
at java.base/java.util.ArrayList.forEach(ArrayList.java:1511)
... Removed 25 stack frames]]>
    </failure>
  </testcase> <!-- testMethodC -->
</testsuite> <!-- testGuru -->
