<?xml version="1.0" encoding="UTF-8"?>
<testng-results ignored="0" total="3" passed="3" failed="0" skipped="0">
  <reporter-output>
  </reporter-output>
  <suite started-at="2020-12-06T17:09:18 EST" name="Default suite" finished-at="2020-12-06T17:09:39 EST" duration-ms="20834">
    <groups>
    </groups>
    <test started-at="2020-12-06T17:09:18 EST" name="Default test" finished-at="2020-12-06T17:09:39 EST" duration-ms="20834">
      <class name="Sprint_01.Code_02">
        <test-method is-config="true" signature="setup()[pri:0, instance:Sprint_01.Code_02@7fc2413d]" started-at="2020-12-06T17:09:18 EST" name="setup" finished-at="2020-12-06T17:09:25 EST" duration-ms="7168" status="PASS">
          <reporter-output>
          </reporter-output>
        </test-method> <!-- setup -->
        <test-method signature="getUrl()[pri:0, instance:Sprint_01.Code_02@7fc2413d]" started-at="2020-12-06T17:09:25 EST" name="getUrl" finished-at="2020-12-06T17:09:26 EST" duration-ms="1444" status="PASS">
          <reporter-output>
          </reporter-output>
        </test-method> <!-- getUrl -->
        <test-method signature="fillInSignupForm1()[pri:1, instance:Sprint_01.Code_02@7fc2413d]" started-at="2020-12-06T17:09:26 EST" name="fillInSignupForm1" finished-at="2020-12-06T17:09:33 EST" duration-ms="6170" status="PASS">
          <reporter-output>
          </reporter-output>
        </test-method> <!-- fillInSignupForm1 -->
        <test-method signature="fillInSignupForm1()[pri:1, instance:Sprint_01.Code_02@7fc2413d]" started-at="2020-12-06T17:09:33 EST" name="fillInSignupForm1" finished-at="2020-12-06T17:09:38 EST" duration-ms="5915" status="PASS">
          <reporter-output>
          </reporter-output>
        </test-method> <!-- fillInSignupForm1 -->
        <test-method is-config="true" signature="quit()[pri:0, instance:Sprint_01.Code_02@7fc2413d]" started-at="2020-12-06T17:09:38 EST" name="quit" finished-at="2020-12-06T17:09:39 EST" duration-ms="102" status="PASS">
          <reporter-output>
          </reporter-output>
        </test-method> <!-- quit -->
      </class> <!-- Sprint_01.Code_02 -->
    </test> <!-- Default test -->
  </suite> <!-- Default suite -->
</testng-results>
