<?xml version="1.0" encoding="UTF-8"?>
<testng-results ignored="0" total="2" passed="2" failed="0" skipped="0">
  <reporter-output>
  </reporter-output>
  <suite started-at="2021-04-28T03:57:45 EDT" name="Default suite" finished-at="2021-04-28T03:58:07 EDT" duration-ms="21892">
    <groups>
    </groups>
    <test started-at="2021-04-28T03:57:45 EDT" name="Default test" finished-at="2021-04-28T03:58:07 EDT" duration-ms="21892">
      <class name="Test_Model.Page_Model_SIGNUP_Test">
        <test-method is-config="true" signature="Setup()[pri:0, instance:Test_Model.Page_Model_SIGNUP_Test@1f3f4916]" started-at="2021-04-28T03:57:45 EDT" name="Setup" finished-at="2021-04-28T03:57:55 EDT" duration-ms="9320" status="PASS">
          <reporter-output>
          </reporter-output>
        </test-method> <!-- Setup -->
        <test-method signature="OpenSignInPage()[pri:0, instance:Test_Model.Page_Model_SIGNUP_Test@1f3f4916]" started-at="2021-04-28T03:57:55 EDT" name="OpenSignInPage" finished-at="2021-04-28T03:58:04 EDT" duration-ms="9038" status="PASS">
          <reporter-output>
          </reporter-output>
        </test-method> <!-- OpenSignInPage -->
        <test-method signature="OpenSignUpPage()[pri:1, instance:Test_Model.Page_Model_SIGNUP_Test@1f3f4916]" started-at="2021-04-28T03:58:04 EDT" name="OpenSignUpPage" finished-at="2021-04-28T03:58:07 EDT" duration-ms="3494" status="PASS">
          <reporter-output>
          </reporter-output>
        </test-method> <!-- OpenSignUpPage -->
      </class> <!-- Test_Model.Page_Model_SIGNUP_Test -->
    </test> <!-- Default test -->
  </suite> <!-- Default suite -->
</testng-results>
