<?xml version="1.0" encoding="UTF-8"?>
<testng-results ignored="0" total="5" passed="5" failed="0" skipped="0">
  <reporter-output>
  </reporter-output>
  <suite started-at="2021-01-02T11:45:49 EST" name="Default suite" finished-at="2021-01-02T11:45:58 EST" duration-ms="9107">
    <groups>
      <group name="Smoke5">
        <method signature="Groups2.verifyAuthentificForm()[pri:3, instance:Groups.Groups2@6ac13091]" name="verifyAuthentificForm" class="Groups.Groups2"/>
      </group> <!-- Smoke5 -->
      <group name="smoke2">
        <method signature="Groups2.getUrl()[pri:0, instance:Groups.Groups2@6ac13091]" name="getUrl" class="Groups.Groups2"/>
      </group> <!-- smoke2 -->
      <group name="Smoke06">
        <method signature="Groups2.verifySigninPage()[pri:1, instance:Groups.Groups2@6ac13091]" name="verifySigninPage" class="Groups.Groups2"/>
        <method signature="Groups2.verifySignupForm()[pri:2, instance:Groups.Groups2@6ac13091]" name="verifySignupForm" class="Groups.Groups2"/>
      </group> <!-- Smoke06 -->
      <group name="Smoke05">
        <method signature="Groups2.verifyHomepageTitle()[pri:0, instance:Groups.Groups2@6ac13091]" name="verifyHomepageTitle" class="Groups.Groups2"/>
      </group> <!-- Smoke05 -->
    </groups>
    <test started-at="2021-01-02T11:45:49 EST" name="Default test" finished-at="2021-01-02T11:45:58 EST" duration-ms="9107">
      <class name="Groups.Groups2">
        <test-method is-config="true" signature="setup()[pri:0, instance:Groups.Groups2@6ac13091]" started-at="2021-01-02T11:45:49 EST" name="setup" finished-at="2021-01-02T11:45:55 EST" duration-ms="5892" status="PASS">
          <reporter-output>
          </reporter-output>
        </test-method> <!-- setup -->
        <test-method signature="getUrl()[pri:0, instance:Groups.Groups2@6ac13091]" started-at="2021-01-02T11:45:55 EST" name="getUrl" finished-at="2021-01-02T11:45:56 EST" duration-ms="1458" status="PASS">
          <reporter-output>
          </reporter-output>
        </test-method> <!-- getUrl -->
        <test-method signature="verifyHomepageTitle()[pri:0, instance:Groups.Groups2@6ac13091]" started-at="2021-01-02T11:45:56 EST" name="verifyHomepageTitle" finished-at="2021-01-02T11:45:56 EST" depends-on-methods="Groups.Groups2.getUrl" duration-ms="8" status="PASS">
          <reporter-output>
          </reporter-output>
        </test-method> <!-- verifyHomepageTitle -->
        <test-method signature="verifySigninPage()[pri:1, instance:Groups.Groups2@6ac13091]" started-at="2021-01-02T11:45:56 EST" name="verifySigninPage" finished-at="2021-01-02T11:45:58 EST" depends-on-methods="Groups.Groups2.getUrl" duration-ms="1445" status="PASS">
          <reporter-output>
          </reporter-output>
        </test-method> <!-- verifySigninPage -->
        <test-method signature="verifySignupForm()[pri:2, instance:Groups.Groups2@6ac13091]" started-at="2021-01-02T11:45:58 EST" name="verifySignupForm" finished-at="2021-01-02T11:45:58 EST" depends-on-methods="Groups.Groups2.verifySigninPage" duration-ms="102" status="PASS">
          <reporter-output>
          </reporter-output>
        </test-method> <!-- verifySignupForm -->
        <test-method signature="verifyAuthentificForm()[pri:3, instance:Groups.Groups2@6ac13091]" started-at="2021-01-02T11:45:58 EST" name="verifyAuthentificForm" finished-at="2021-01-02T11:45:58 EST" duration-ms="25" status="PASS">
          <reporter-output>
          </reporter-output>
        </test-method> <!-- verifyAuthentificForm -->
        <test-method is-config="true" signature="closeBrowser()[pri:0, instance:Groups.Groups2@6ac13091]" started-at="2021-01-02T11:45:58 EST" name="closeBrowser" finished-at="2021-01-02T11:45:58 EST" duration-ms="125" status="PASS">
          <reporter-output>
          </reporter-output>
        </test-method> <!-- closeBrowser -->
      </class> <!-- Groups.Groups2 -->
    </test> <!-- Default test -->
  </suite> <!-- Default suite -->
</testng-results>
