<?xml version="1.0" encoding="UTF-8"?>
<!-- Generated by org.testng.reporters.JUnitXMLReporter -->
<testsuite ignored="0" hostname="Khan" failures="0" tests="5" name="Default test" time="9.107" errors="0" timestamp="2021-01-02T11:45:58 EST">
  <testcase classname="Groups.Groups2" name="getUrl" time="1.458"/>
  <testcase classname="Groups.Groups2" name="verifyHomepageTitle" time="0.008"/>
  <testcase classname="Groups.Groups2" name="verifySigninPage" time="1.445"/>
  <testcase classname="Groups.Groups2" name="verifySignupForm" time="0.102"/>
  <testcase classname="Groups.Groups2" name="verifyAuthentificForm" time="0.025"/>
</testsuite> <!-- Default test -->
