<?xml version="1.0" encoding="UTF-8"?>
<!-- Generated by org.testng.reporters.JUnitXMLReporter -->
<testsuite ignored="0" hostname="Khan" failures="0" tests="6" name="Test" time="74.757" errors="0" timestamp="2021-04-28T03:50:47 EDT">
  <testcase classname="Test_Model.Page_Factory_Signin_Test" name="OpenSignInPage" time="6.078"/>
  <testcase classname="Test_Model.Page_Factory_Signup_Test" name="OpenSignInPage" time="10.068"/>
  <testcase classname="Test_Model.Page_Factory_Signup_Test" name="OpenSignUpPage" time="9.899"/>
  <testcase classname="Test_Model.Page_Model_Signin_Test" name="OpenSignInPage" time="6.885"/>
  <testcase classname="Test_Model.Page_Model_SIGNUP_Test" name="OpenSignInPage" time="7.882"/>
  <testcase classname="Test_Model.Page_Model_SIGNUP_Test" name="OpenSignUpPage" time="3.951"/>
</testsuite> <!-- Test -->
