<?xml version="1.0" encoding="UTF-8"?>
<!-- Generated by org.testng.reporters.JUnitXMLReporter -->
<testsuite ignored="0" hostname="Khan" failures="0" tests="3" name="Default test" time="20.834" errors="0" timestamp="2020-12-06T17:09:39 EST">
  <testcase classname="Sprint_01.Code_02" name="getUrl" time="1.444"/>
  <testcase classname="Sprint_01.Code_02" name="fillInSignupForm1" time="6.17"/>
  <testcase classname="Sprint_01.Code_02" name="fillInSignupForm1" time="5.915"/>
</testsuite> <!-- Default test -->
